Arguments: 
  C:\Program Files\nodejs\node.exe C:\Users\barak\AppData\Roaming\npm\node_modules\yarn\bin\yarn.js build

PATH: 
  C:\Program Files\Git\mingw64\bin;C:\Program Files\Git\usr\bin;C:\Users\barak\bin;C:\WINDOWS\system32;C:\WINDOWS;C:\WINDOWS\System32\Wbem;C:\WINDOWS\System32\WindowsPowerShell\v1.0;C:\Program Files (x86)\Intel\OpenCL SDK\2.0\bin\x86;C:\Program Files (x86)\Intel\OpenCL SDK\2.0\bin\x64;C:\Program Files\Git\cmd;C:\Program Files\nodejs;C:\Program Files\MongoDB\Server\3.6\bin;C:\Users\barak\AppData\Local\Microsoft\WindowsApps;C:\Program Files\Heroku\bin;C:\Users\barak\AppData\Roaming\npm;C:\Program Files\Microsoft VS Code\bin;C:\Users\barak\AppData\Local\atom\bin

Yarn version: 
  1.5.1

Node version: 
  6.11.4

Platform: 
  win32 x64

npm manifest: 
  {
    "name": "gbm-nyt-react",
    "version": "1.0.0",
    "description": "A New York Times Article Search Application",
    "main": "server.js",
    "scripts": {
      "start": "node server.js",
      "server": "nodemon server.js",
      "nytreact": "npm start --prefix nytreact",
      "dev": "concurrently \"npm run server\" \"npm run nytreact\""
    },
    "author": "Baraka Mahili",
    "license": "MIT",
    "dependencies": {
      "body-parser": "^1.18.2",
      "concurrently": "^3.5.1",
      "express": "^4.16.2",
      "mongoose": "^5.0.9",
      "path": "^0.12.7",
      "react": "^16.2.0",
      "react-dom": "^16.2.0",
      "react-scripts": "1.1.1",
      "request": "^2.85.0"
    }
  }

yarn manifest: 
  No manifest

Lockfile: 
  No lockfile

Trace: 
  Error: Command "build" not found.
      at MessageError.Error (native)
      at new MessageError (C:\Users\barak\AppData\Roaming\npm\node_modules\yarn\lib\cli.js:186:110)
      at C:\Users\barak\AppData\Roaming\npm\node_modules\yarn\lib\cli.js:87307:17
      at next (native)
      at step (C:\Users\barak\AppData\Roaming\npm\node_modules\yarn\lib\cli.js:98:30)
      at C:\Users\barak\AppData\Roaming\npm\node_modules\yarn\lib\cli.js:116:14
      at Promise.F (C:\Users\barak\AppData\Roaming\npm\node_modules\yarn\lib\cli.js:23451:28)
      at C:\Users\barak\AppData\Roaming\npm\node_modules\yarn\lib\cli.js:95:12
      at runCommand (C:\Users\barak\AppData\Roaming\npm\node_modules\yarn\lib\cli.js:87312:22)
      at Object.<anonymous> (C:\Users\barak\AppData\Roaming\npm\node_modules\yarn\lib\cli.js:87412:14)
